<?xml version="1.0" encoding="UTF-8"?>
<!-- Generated by org.testng.reporters.JUnitXMLReporter -->
<testsuite ignored="0" hostname="LAPTOP-M52UB2C3" failures="0" tests="3" name="Default test" time="2.416" errors="0" timestamp="2021-08-26T18:30:55 IST">
  <testcase classname="restassuredassignments.RestAssign7$Ass7" name="print_the_response_in_the_console" time="1.728"/>
  <testcase classname="restassuredassignments.RestAssign7$Ass7" name="sets_http_request" time="0.001"/>
  <testcase classname="restassuredassignments.RestAssign7$Ass7" name="to_get_date_time" time="0.654"/>
</testsuite> <!-- Default test -->
